-------------------------------------------------------------------------------
Test set: test
-------------------------------------------------------------------------------
Tests run: 5, Failures: 1, Errors: 0, Skipped: 0, Time elapsed: 0.239 sec <<< FAILURE! - in test
checkFile()(test)  Time elapsed: 0.007 sec  <<< FAILURE!
org.opentest4j.AssertionFailedError: expected: <ip.csv> but was: <ipl.csv>
	at org.junit.jupiter.api.AssertionUtils.fail(AssertionUtils.java:52)
	at org.junit.jupiter.api.AssertEquals.failNotEqual(AssertEquals.java:171)
	at org.junit.jupiter.api.AssertEquals.assertEquals(AssertEquals.java:166)
	at org.junit.jupiter.api.AssertEquals.assertEquals(AssertEquals.java:157)
	at org.junit.jupiter.api.Assertions.assertEquals(Assertions.java:459)
	at test.checkFile(test.java:31)

